<?xml version="1.0" encoding="UTF-8"?>
<!-- Generated by org.testng.reporters.JUnitReportReporter -->
<testsuite hostname="DESKTOP-D9AUETK" failures="0" tests="1" name="com.test.testCases.TC005LMReportingMetrics" time="9.049" errors="0" timestamp="22 May 2023 08:20:31 GMT">
  <testcase classname="com.test.testCases.TC005LMReportingMetrics" name="run" time="9.049"/>
</testsuite> <!-- com.test.testCases.TC005LMReportingMetrics -->
