<?xml version="1.0" encoding="UTF-8"?>
<!-- Generated by org.testng.reporters.JUnitReportReporter -->
<testsuite hostname="DESKTOP-D9AUETK" failures="0" tests="1" name="com.test.pages.PlantOverviewPage" time="0.121" errors="0" timestamp="12 May 2023 06:22:14 GMT">
  <testcase classname="com.test.pages.PlantOverviewPage" name="PlantOverview" time="0.121"/>
</testsuite> <!-- com.test.pages.PlantOverviewPage -->
