<?xml version="1.0" encoding="UTF-8"?>
<!-- Generated by org.testng.reporters.JUnitReportReporter -->
<testsuite hostname="DESKTOP-D9AUETK" failures="0" tests="4" name="com.data.driventest.LoginScenario" time="29.530" errors="0" timestamp="5 Jun 2023 13:48:06 GMT">
  <testcase classname="com.data.driventest.LoginScenario" name="LoginTestCase" time="8.919"/>
  <testcase classname="com.data.driventest.LoginScenario" name="LoginTestCase" time="7.163"/>
  <testcase classname="com.data.driventest.LoginScenario" name="LoginTestCase" time="6.637"/>
  <testcase classname="com.data.driventest.LoginScenario" name="LoginTestCase" time="6.811"/>
</testsuite> <!-- com.data.driventest.LoginScenario -->
