<?xml version="1.0" encoding="UTF-8"?>
<!-- Generated by org.testng.reporters.JUnitReportReporter -->
<testsuite hostname="DESKTOP-D9AUETK" failures="0" tests="4" name="com.data.driventest.LoginUsingApachePOI" time="28.527" errors="0" timestamp="12 Jun 2023 07:29:37 GMT">
  <testcase classname="com.data.driventest.LoginUsingApachePOI" name="LoginTestCase" time="6.567"/>
  <testcase classname="com.data.driventest.LoginUsingApachePOI" name="LoginTestCase" time="8.820"/>
  <testcase classname="com.data.driventest.LoginUsingApachePOI" name="LoginTestCase" time="6.461"/>
  <testcase classname="com.data.driventest.LoginUsingApachePOI" name="LoginTestCase" time="6.679"/>
</testsuite> <!-- com.data.driventest.LoginUsingApachePOI -->
