<?xml version="1.0" encoding="UTF-8"?>
<!-- Generated by org.testng.reporters.JUnitReportReporter -->
<testsuite hostname="DESKTOP-D9AUETK" failures="0" tests="1" name="com.test.testCases.TC003_MasterDataPage" time="17.587" errors="0" timestamp="9 Jun 2023 04:42:46 GMT">
  <testcase classname="com.test.testCases.TC003_MasterDataPage" name="run" time="17.587"/>
</testsuite> <!-- com.test.testCases.TC003_MasterDataPage -->
