<?xml version="1.0" encoding="UTF-8"?>
<!-- Generated by org.testng.reporters.JUnitReportReporter -->
<testsuite hostname="DESKTOP-D9AUETK" failures="0" tests="1" name="com.test.testCases.TC002LoginPlantOverview" time="16.249" errors="0" timestamp="12 May 2023 10:52:44 GMT">
  <testcase classname="com.test.testCases.TC002LoginPlantOverview" name="run" time="16.249"/>
</testsuite> <!-- com.test.testCases.TC002LoginPlantOverview -->
